


ARM Macro Assembler    Page 1 


    1 00000000 400243FC 
                       GPIO_PORTE_DATA_R
                               EQU              0x400243FC
    2 00000000 40024400 
                       GPIO_PORTE_DIR_R
                               EQU              0x40024400
    3 00000000 40024420 
                       GPIO_PORTE_AFSEL_R
                               EQU              0x40024420
    4 00000000 4002451C 
                       GPIO_PORTE_DEN_R
                               EQU              0x4002451C
    5 00000000 40024528 
                       GPIO_PORTE_AMSEL_R
                               EQU              0x40024528
    6 00000000 4002452C 
                       GPIO_PORTE_PCTL_R
                               EQU              0x4002452C
    7 00000000 400FE608 
                       SYSCTL_RCGCGPIO_R
                               EQU              0x400FE608
    8 00000000         
    9 00000000                 IMPORT           TExaS_Init
   10 00000000                 AREA             |.text|, CODE, READONLY, ALIGN=
2
   11 00000000                 THUMB
   12 00000000                 EXPORT           Start
   13 00000000         Start
   14 00000000 F7FF FFFE       BL               TExaS_Init
   15 00000004 481D            LDR              R0,= SYSCTL_RCGCGPIO_R
   16 00000006 6801            LDR              R1,[R0]
   17 00000008 F041 0110       ORR              R1,#0x10
   18 0000000C 6001            STR              R1,[R0]
   19 0000000E         
   20 0000000E BF00            NOP
   21 00000010 BF00            NOP
   22 00000012         
   23 00000012 481B            LDR              R0,= GPIO_PORTE_DIR_R
   24 00000014 6801            LDR              R1,[R0]
   25 00000016 F041 0103       ORR              R1,#0x03
   26 0000001A 6001            STR              R1,[R0]
   27 0000001C         
   28 0000001C 4819            LDR              R0,= GPIO_PORTE_AFSEL_R
   29 0000001E 6801            LDR              R1,[R0]
   30 00000020 F021 0103       BIC              R1,#0x03
   31 00000024 6001            STR              R1,[R0]
   32 00000026         
   33 00000026 4818            LDR              R0,= GPIO_PORTE_DEN_R
   34 00000028 6801            LDR              R1,[R0]
   35 0000002A F041 0103       ORR              R1,#0x03
   36 0000002E 6001            STR              R1,[R0]
   37 00000030         
   38 00000030 F04F 0400       MOV              R4, #0x00   ; ON Button
   39 00000034         loop
   40 00000034         ; you input output delay
   41 00000034 F000 F818       BL               Delay
   42 00000038         
   43 00000038 4814            LDR              R0,= GPIO_PORTE_DATA_R
   44 0000003A 4A14            LDR              R2,= GPIO_PORTE_DATA_R



ARM Macro Assembler    Page 2 


   45 0000003C         
   46 0000003C 6801            LDR              R1,[R0]
   47 0000003E F001 0101       AND              R1, #0x01
   48 00000042 2901            CMP              R1, #0x01
   49 00000044 D00D            BEQ              Toggle      ;Toggle On Button
   50 00000046 2C01            CMP              R4, #0x01
   51 00000048 D000            BEQ              TurnOn
   52 0000004A D1F3            BNE              loop
   53 0000004C         
   54 0000004C         
   55 0000004C         TurnOn
   56 0000004C 6811            LDR              R1,[R2]
   57 0000004E F041 0102       ORR              R1, #0x02
   58 00000052 6011            STR              R1, [R2]
   59 00000054 F000 F808       BL               Delay
   60 00000058         
   61 00000058         TurnOff
   62 00000058 6811            LDR              R1,[R2]
   63 0000005A F001 0101       AND              R1, #0x01
   64 0000005E 6011            STR              R1, [R2]
   65 00000060 E7E8            B                loop
   66 00000062         
   67 00000062         
   68 00000062         
   69 00000062         Toggle
   70 00000062         ; Toggle On Button
   71 00000062 F084 0401       EOR              R4, #0x01
   72 00000066 4770            BX               LR
   73 00000068         
   74 00000068         
   75 00000068         Delay
   76 00000068         ; 80ms long delay
   77 00000068 F04F 0714       MOV              R7, #20
   78 0000006C         Subt
   79 0000006C F649 4840       MOV              R8, #40000
   80 00000070         wait
   81 00000070 F1B8 0801       SUBS             R8, #1
   82 00000074 D1FC            BNE              wait
   83 00000076 3F01            SUBS             R7, #1
   84 00000078 D1F8            BNE              Subt
   85 0000007A 4770            BX               LR
   86 0000007C         
   87 0000007C                 ALIGN                        ; make sure the end
                                                             of this section is
                                                             aligned
   88 0000007C                 END                          ; end of file
              400FE608 
              40024400 
              40024420 
              4002451C 
              400243FC 
Command Line: --debug --xref --diag_suppress=9931 --cpu=Cortex-M4.fp --apcs=int
erwork --depend=.\main.d -o.\main.o -I.\RTE\_Lab2 -ID:\ARM\PACK\ARM\CMSIS\5.0.1
\CMSIS\Include -ID:\ARM\PACK\Keil\LM4F_DFP\1.0.0\Device\Include --predefine="__
EVAL SETA 1" --predefine="__UVISION_VERSION SETA 523" --predefine="_RTE_ SETA 1
" --predefine="LM4F120 SETA 1" --list=.\main.lst main.s



ARM Macro Assembler    Page 1 Alphabetic symbol ordering
Relocatable symbols

.text 00000000

Symbol: .text
   Definitions
      At line 10 in file main.s
   Uses
      None
Comment: .text unused
Delay 00000068

Symbol: Delay
   Definitions
      At line 75 in file main.s
   Uses
      At line 41 in file main.s
      At line 59 in file main.s

Start 00000000

Symbol: Start
   Definitions
      At line 13 in file main.s
   Uses
      At line 12 in file main.s
Comment: Start used once
Subt 0000006C

Symbol: Subt
   Definitions
      At line 78 in file main.s
   Uses
      At line 84 in file main.s
Comment: Subt used once
Toggle 00000062

Symbol: Toggle
   Definitions
      At line 69 in file main.s
   Uses
      At line 49 in file main.s
Comment: Toggle used once
TurnOff 00000058

Symbol: TurnOff
   Definitions
      At line 61 in file main.s
   Uses
      None
Comment: TurnOff unused
TurnOn 0000004C

Symbol: TurnOn
   Definitions
      At line 55 in file main.s
   Uses
      At line 51 in file main.s
Comment: TurnOn used once
loop 00000034




ARM Macro Assembler    Page 2 Alphabetic symbol ordering
Relocatable symbols

Symbol: loop
   Definitions
      At line 39 in file main.s
   Uses
      At line 52 in file main.s
      At line 65 in file main.s

wait 00000070

Symbol: wait
   Definitions
      At line 80 in file main.s
   Uses
      At line 82 in file main.s
Comment: wait used once
9 symbols



ARM Macro Assembler    Page 1 Alphabetic symbol ordering
Absolute symbols

GPIO_PORTE_AFSEL_R 40024420

Symbol: GPIO_PORTE_AFSEL_R
   Definitions
      At line 3 in file main.s
   Uses
      At line 28 in file main.s
Comment: GPIO_PORTE_AFSEL_R used once
GPIO_PORTE_AMSEL_R 40024528

Symbol: GPIO_PORTE_AMSEL_R
   Definitions
      At line 5 in file main.s
   Uses
      None
Comment: GPIO_PORTE_AMSEL_R unused
GPIO_PORTE_DATA_R 400243FC

Symbol: GPIO_PORTE_DATA_R
   Definitions
      At line 1 in file main.s
   Uses
      At line 43 in file main.s
      At line 44 in file main.s

GPIO_PORTE_DEN_R 4002451C

Symbol: GPIO_PORTE_DEN_R
   Definitions
      At line 4 in file main.s
   Uses
      At line 33 in file main.s
Comment: GPIO_PORTE_DEN_R used once
GPIO_PORTE_DIR_R 40024400

Symbol: GPIO_PORTE_DIR_R
   Definitions
      At line 2 in file main.s
   Uses
      At line 23 in file main.s
Comment: GPIO_PORTE_DIR_R used once
GPIO_PORTE_PCTL_R 4002452C

Symbol: GPIO_PORTE_PCTL_R
   Definitions
      At line 6 in file main.s
   Uses
      None
Comment: GPIO_PORTE_PCTL_R unused
SYSCTL_RCGCGPIO_R 400FE608

Symbol: SYSCTL_RCGCGPIO_R
   Definitions
      At line 7 in file main.s
   Uses
      At line 15 in file main.s
Comment: SYSCTL_RCGCGPIO_R used once
7 symbols



ARM Macro Assembler    Page 1 Alphabetic symbol ordering
External symbols

TExaS_Init 00000000

Symbol: TExaS_Init
   Definitions
      At line 9 in file main.s
   Uses
      At line 14 in file main.s
Comment: TExaS_Init used once
1 symbol
354 symbols in table
